[0612/135433.707:ERROR:process_memory_win.cc(73)] ReadMemory at 0x7fffab62b000 of 56 bytes failed: Only part of a ReadProcessMemory or WriteProcessMemory request was completed. (0x12B)
[0612/135433.963:WARNING:pe_image_reader.cc(113)] could not read crashpad info from C:\Program Files (x86)\Google\Chrome\Application\83.0.4103.97\chrome_elf.dll
[0612/135433.963:ERROR:process_memory_win.cc(73)] ReadMemory at 0x7fffabd80000 of 64 bytes failed: Only part of a ReadProcessMemory or WriteProcessMemory request was completed. (0x12B)
[0612/135433.963:WARNING:pe_image_reader.cc(340)] could not read dos header from C:\Windows\SYSTEM32\VERSION.dll
[0612/135433.963:ERROR:process_memory_win.cc(73)] ReadMemory at 0x7fffb3ff0000 of 64 bytes failed: Only part of a ReadProcessMemory or WriteProcessMemory request was completed. (0x12B)
[0612/135433.963:WARNING:pe_image_reader.cc(340)] could not read dos header from C:\Windows\system32\msvcrt.dll
[0612/135433.963:ERROR:process_memory_win.cc(73)] ReadMemory at 0x7fffb4210000 of 64 bytes failed: Only part of a ReadProcessMemory or WriteProcessMemory request was completed. (0x12B)
[0612/135433.963:WARNING:pe_image_reader.cc(340)] could not read dos header from C:\Windows\system32\ADVAPI32.dll
[0612/135433.963:ERROR:process_memory_win.cc(73)] ReadMemory at 0x7fffb4170000 of 64 bytes failed: Only part of a ReadProcessMemory or WriteProcessMemory request was completed. (0x12B)
[0612/135433.963:WARNING:pe_image_reader.cc(340)] could not read dos header from C:\Windows\SYSTEM32\sechost.dll
[0612/135433.963:ERROR:process_memory_win.cc(73)] ReadMemory at 0x7fffb42c0000 of 64 bytes failed: Only part of a ReadProcessMemory or WriteProcessMemory request was completed. (0x12B)
[0612/135433.963:WARNING:pe_image_reader.cc(340)] could not read dos header from C:\Windows\system32\RPCRT4.dll
[0612/135433.963:ERROR:process_memory_win.cc(73)] ReadMemory at 0x7fff93e50000 of 64 bytes failed: Only part of a ReadProcessMemory or WriteProcessMemory request was completed. (0x12B)
[0612/135433.963:WARNING:pe_image_reader.cc(340)] could not read dos header from C:\Program Files (x86)\Google\Chrome\Application\83.0.4103.97\chrome.dll
[0612/135433.967:ERROR:process_memory_win.cc(73)] ReadMemory at 0x7fffb4110000 of 64 bytes failed: Only part of a ReadProcessMemory or WriteProcessMemory request was completed. (0x12B)
[0612/135433.967:WARNING:pe_image_reader.cc(340)] could not read dos header from C:\Windows\system32\WS2_32.dll
[0612/135433.967:ERROR:process_memory_win.cc(73)] ReadMemory at 0x7fffae1d0000 of 64 bytes failed: Only part of a ReadProcessMemory or WriteProcessMemory request was completed. (0x12B)
[0612/135433.967:WARNING:pe_image_reader.cc(340)] could not read dos header from C:\Windows\SYSTEM32\IPHLPAPI.DLL
[0612/135433.967:ERROR:process_memory_win.cc(73)] ReadMemory at 0x7fffb3be0000 of 64 bytes failed: Only part of a ReadProcessMemory or WriteProcessMemory request was completed. (0x12B)
[0612/135433.967:WARNING:pe_image_reader.cc(340)] could not read dos header from C:\Windows\system32\OLEAUT32.dll
[0612/135433.967:ERROR:process_memory_win.cc(73)] ReadMemory at 0x7fffacfb0000 of 64 bytes failed: Only part of a ReadProcessMemory or WriteProcessMemory request was completed. (0x12B)
[0612/135433.967:WARNING:pe_image_reader.cc(340)] could not read dos header from C:\Windows\SYSTEM32\WINMM.dll
[0612/135433.967:ERROR:process_memory_win.cc(73)] ReadMemory at 0x7fffaa220000 of 64 bytes failed: Only part of a ReadProcessMemory or WriteProcessMemory request was completed. (0x12B)
[0612/135433.967:WARNING:pe_image_reader.cc(340)] could not read dos header from C:\Windows\SYSTEM32\Secur32.dll
[0612/135433.967:ERROR:process_memory_win.cc(73)] ReadMemory at 0x7fffb10b0000 of 64 bytes failed: Only part of a ReadProcessMemory or WriteProcessMemory request was completed. (0x12B)
[0612/135433.967:WARNING:pe_image_reader.cc(340)] could not read dos header from C:\Windows\SYSTEM32\USERENV.dll
[0612/135433.967:ERROR:process_memory_win.cc(73)] ReadMemory at 0x7fffb1fa0000 of 64 bytes failed: Only part of a ReadProcessMemory or WriteProcessMemory request was completed. (0x12B)
[0612/135433.967:WARNING:pe_image_reader.cc(340)] could not read dos header from C:\Windows\system32\WINTRUST.dll
[0612/135433.967:ERROR:process_memory_win.cc(73)] ReadMemory at 0x7fffad340000 of 64 bytes failed: Only part of a ReadProcessMemory or WriteProcessMemory request was completed. (0x12B)
[0612/135433.967:WARNING:pe_image_reader.cc(340)] could not read dos header from C:\Windows\SYSTEM32\UIAutomationCore.DLL
[0612/135433.967:ERROR:process_memory_win.cc(73)] ReadMemory at 0x7fffb1cc0000 of 64 bytes failed: Only part of a ReadProcessMemory or WriteProcessMemory request was completed. (0x12B)
[0612/135433.967:WARNING:pe_image_reader.cc(340)] could not read dos header from C:\Windows\system32\CRYPT32.dll
[0612/135433.967:ERROR:process_memory_win.cc(73)] ReadMemory at 0x7fffaecd0000 of 64 bytes failed: Only part of a ReadProcessMemory or WriteProcessMemory request was completed. (0x12B)
[0612/135433.967:WARNING:pe_image_reader.cc(340)] could not read dos header from C:\Windows\SYSTEM32\DWrite.dll
[0612/135433.967:ERROR:process_memory_win.cc(73)] ReadMemory at 0x7fffa6dc0000 of 64 bytes failed: Only part of a ReadProcessMemory or WriteProcessMemory request was completed. (0x12B)
[0612/135433.967:WARNING:pe_image_reader.cc(340)] could not read dos header from C:\Windows\SYSTEM32\WINSPOOL.DRV
[0612/135433.967:ERROR:process_memory_win.cc(73)] ReadMemory at 0x7fffa6670000 of 64 bytes failed: Only part of a ReadProcessMemory or WriteProcessMemory request was completed. (0x12B)
[0612/135433.967:WARNING:pe_image_reader.cc(340)] could not read dos header from C:\Windows\SYSTEM32\dbghelp.dll
[0612/135433.967:ERROR:process_memory_win.cc(73)] ReadMemory at 0x7fffac080000 of 64 bytes failed: Only part of a ReadProcessMemory or WriteProcessMemory request was completed. (0x12B)
[0612/135433.967:WARNING:pe_image_reader.cc(340)] could not read dos header from C:\Windows\SYSTEM32\WINHTTP.dll
[0612/135433.967:ERROR:process_memory_win.cc(73)] ReadMemory at 0x7fffadf90000 of 64 bytes failed: Only part of a ReadProcessMemory or WriteProcessMemory request was completed. (0x12B)
[0612/135433.967:WARNING:pe_image_reader.cc(340)] could not read dos header from C:\Windows\SYSTEM32\dhcpcsvc.DLL
[0612/135433.967:ERROR:process_memory_win.cc(73)] ReadMemory at 0x7fffb45e0000 of 64 bytes failed: Only part of a ReadProcessMemory or WriteProcessMemory request was completed. (0x12B)
[0612/135433.967:WARNING:pe_image_reader.cc(340)] could not read dos header from C:\Windows\system32\NSI.dll
[0612/135433.967:ERROR:process_memory_win.cc(73)] ReadMemory at 0x7fffae1b0000 of 64 bytes failed: Only part of a ReadProcessMemory or WriteProcessMemory request was completed. (0x12B)
[0612/135433.967:WARNING:pe_image_reader.cc(340)] could not read dos header from C:\Windows\SYSTEM32\WINNSI.DLL
[0612/135433.967:ERROR:process_memory_win.cc(73)] ReadMemory at 0x84e38e0000 of 64 bytes failed: Only part of a ReadProcessMemory or WriteProcessMemory request was completed. (0x12B)
[0612/135433.967:WARNING:pe_image_reader.cc(340)] could not read dos header from C:\Windows\system32\combase.dll
[0612/135433.967:ERROR:process_memory_win.cc(73)] ReadMemory at 0x7fffaaa70000 of 64 bytes failed: Only part of a ReadProcessMemory or WriteProcessMemory request was completed. (0x12B)
[0612/135433.967:WARNING:pe_image_reader.cc(340)] could not read dos header from C:\Windows\SYSTEM32\WINMMBASE.dll
[0612/135433.967:ERROR:process_memory_win.cc(73)] ReadMemory at 0x7fffb2520000 of 64 bytes failed: Only part of a ReadProcessMemory or WriteProcessMemory request was completed. (0x12B)
[0612/135433.967:WARNING:pe_image_reader.cc(340)] could not read dos header from C:\Windows\system32\USER32.dll
[0612/135433.967:ERROR:process_memory_win.cc(73)] ReadMemory at 0x7fffb1ad0000 of 64 bytes failed: Only part of a ReadProcessMemory or WriteProcessMemory request was completed. (0x12B)
[0612/135433.967:WARNING:pe_image_reader.cc(340)] could not read dos header from C:\Windows\SYSTEM32\profapi.dll
[0612/135433.967:ERROR:process_memory_win.cc(73)] ReadMemory at 0x7fffb1b80000 of 64 bytes failed: Only part of a ReadProcessMemory or WriteProcessMemory request was completed. (0x12B)
[0612/135433.967:WARNING:pe_image_reader.cc(340)] could not read dos header from C:\Windows\system32\MSASN1.dll
[0612/135433.967:ERROR:process_memory_win.cc(73)] ReadMemory at 0x7fffb1f50000 of 64 bytes failed: Only part of a ReadProcessMemory or WriteProcessMemory request was completed. (0x12B)
[0612/135433.967:WARNING:pe_image_reader.cc(340)] could not read dos header from C:\Windows\SYSTEM32\cfgmgr32.dll
[0612/135433.967:ERROR:process_memory_win.cc(73)] ReadMemory at 0x7fffb0920000 of 64 bytes failed: Only part of a ReadProcessMemory or WriteProcessMemory request was completed. (0x12B)
[0612/135433.967:WARNING:pe_image_reader.cc(340)] could not read dos header from C:\Windows\SYSTEM32\DEVOBJ.dll
[0612/135433.967:ERROR:process_memory_win.cc(73)] ReadMemory at 0x7fffb3ea0000 of 64 bytes failed: Only part of a ReadProcessMemory or WriteProcessMemory request was completed. (0x12B)
[0612/135433.967:WARNING:pe_image_reader.cc(340)] could not read dos header from C:\Windows\system32\GDI32.dll
[0612/135433.967:ERROR:process_memory_win.cc(73)] ReadMemory at 0x7fffb1890000 of 64 bytes failed: Only part of a ReadProcessMemory or WriteProcessMemory request was completed. (0x12B)
[0612/135433.967:WARNING:pe_image_reader.cc(340)] could not read dos header from C:\Windows\SYSTEM32\SSPICLI.DLL
[0612/135433.967:ERROR:process_memory_win.cc(73)] ReadMemory at 0x7fffb41d0000 of 64 bytes failed: Only part of a ReadProcessMemory or WriteProcessMemory request was completed. (0x12B)
[0612/135433.967:WARNING:pe_image_reader.cc(340)] could not read dos header from C:\Windows\system32\IMM32.DLL
[0612/135433.967:ERROR:process_memory_win.cc(73)] ReadMemory at 0x7fffb44a0000 of 64 bytes failed: Only part of a ReadProcessMemory or WriteProcessMemory request was completed. (0x12B)
[0612/135433.967:WARNING:pe_image_reader.cc(340)] could not read dos header from C:\Windows\system32\MSCTF.dll
[0612/135433.967:ERROR:process_memory_win.cc(73)] ReadMemory at 0x7fffb1940000 of 64 bytes failed: Only part of a ReadProcessMemory or WriteProcessMemory request was completed. (0x12B)
[0612/135433.967:WARNING:pe_image_reader.cc(340)] could not read dos header from C:\Windows\SYSTEM32\CRYPTBASE.DLL
[0612/135433.967:ERROR:process_memory_win.cc(73)] ReadMemory at 0x7fffb18d0000 of 64 bytes failed: Only part of a ReadProcessMemory or WriteProcessMemory request was completed. (0x12B)
[0612/135433.967:WARNING:pe_image_reader.cc(340)] could not read dos header from C:\Windows\SYSTEM32\bcryptPrimitives.dll
[0612/135434.195:ERROR:process_memory_win.cc(73)] ReadMemory at 0x7ff6c81d0000 of 64 bytes failed: Only part of a ReadProcessMemory or WriteProcessMemory request was completed. (0x12B)
[0612/135434.195:WARNING:pe_image_reader.cc(340)] could not read dos header from C:\Program Files (x86)\Google\Chrome\Application\chrome.exe
[0612/135434.195:ERROR:process_memory_win.cc(73)] ReadMemory at 0x7fffb48e0000 of 64 bytes failed: Only part of a ReadProcessMemory or WriteProcessMemory request was completed. (0x12B)
[0612/135434.195:WARNING:pe_image_reader.cc(340)] could not read dos header from C:\Windows\SYSTEM32\ntdll.dll
[0612/135434.195:ERROR:process_memory_win.cc(73)] ReadMemory at 0x7fffb1ff0000 of 64 bytes failed: Only part of a ReadProcessMemory or WriteProcessMemory request was completed. (0x12B)
[0612/135434.195:WARNING:pe_image_reader.cc(340)] could not read dos header from C:\Windows\system32\KERNEL32.DLL
[0612/135434.195:ERROR:process_memory_win.cc(73)] ReadMemory at 0x7fffb1ba0000 of 64 bytes failed: Only part of a ReadProcessMemory or WriteProcessMemory request was completed. (0x12B)
[0612/135434.195:WARNING:pe_image_reader.cc(340)] could not read dos header from C:\Windows\system32\KERNELBASE.dll
[0612/135434.195:ERROR:process_memory_win.cc(73)] ReadMemory at 0x7fffab550000 of 64 bytes failed: Only part of a ReadProcessMemory or WriteProcessMemory request was completed. (0x12B)
[0612/135434.195:WARNING:pe_image_reader.cc(340)] could not read dos header from C:\Program Files (x86)\Google\Chrome\Application\83.0.4103.97\chrome_elf.dll
[0612/135434.195:ERROR:process_memory_win.cc(73)] ReadMemory at 0x7fffabd80000 of 64 bytes failed: Only part of a ReadProcessMemory or WriteProcessMemory request was completed. (0x12B)
[0612/135434.195:WARNING:pe_image_reader.cc(340)] could not read dos header from C:\Windows\SYSTEM32\VERSION.dll
[0612/135434.195:ERROR:process_memory_win.cc(73)] ReadMemory at 0x7fffb3ff0000 of 64 bytes failed: Only part of a ReadProcessMemory or WriteProcessMemory request was completed. (0x12B)
[0612/135434.195:WARNING:pe_image_reader.cc(340)] could not read dos header from C:\Windows\system32\msvcrt.dll
[0612/135434.195:ERROR:process_memory_win.cc(73)] ReadMemory at 0x7fffb4210000 of 64 bytes failed: Only part of a ReadProcessMemory or WriteProcessMemory request was completed. (0x12B)
[0612/135434.195:WARNING:pe_image_reader.cc(340)] could not read dos header from C:\Windows\system32\ADVAPI32.dll
[0612/135434.195:ERROR:process_memory_win.cc(73)] ReadMemory at 0x7fffb4170000 of 64 bytes failed: Only part of a ReadProcessMemory or WriteProcessMemory request was completed. (0x12B)
[0612/135434.195:WARNING:pe_image_reader.cc(340)] could not read dos header from C:\Windows\SYSTEM32\sechost.dll
[0612/135434.195:ERROR:process_memory_win.cc(73)] ReadMemory at 0x7fffb42c0000 of 64 bytes failed: Only part of a ReadProcessMemory or WriteProcessMemory request was completed. (0x12B)
[0612/135434.195:WARNING:pe_image_reader.cc(340)] could not read dos header from C:\Windows\system32\RPCRT4.dll
[0612/135434.195:ERROR:process_memory_win.cc(73)] ReadMemory at 0x7fff93e50000 of 64 bytes failed: Only part of a ReadProcessMemory or WriteProcessMemory request was completed. (0x12B)
[0612/135434.195:WARNING:pe_image_reader.cc(340)] could not read dos header from C:\Program Files (x86)\Google\Chrome\Application\83.0.4103.97\chrome.dll
[0612/135434.195:ERROR:process_memory_win.cc(73)] ReadMemory at 0x7fffb4110000 of 64 bytes failed: Only part of a ReadProcessMemory or WriteProcessMemory request was completed. (0x12B)
[0612/135434.195:WARNING:pe_image_reader.cc(340)] could not read dos header from C:\Windows\system32\WS2_32.dll
[0612/135434.195:ERROR:process_memory_win.cc(73)] ReadMemory at 0x7fffae1d0000 of 64 bytes failed: Only part of a ReadProcessMemory or WriteProcessMemory request was completed. (0x12B)
[0612/135434.195:WARNING:pe_image_reader.cc(340)] could not read dos header from C:\Windows\SYSTEM32\IPHLPAPI.DLL
[0612/135434.195:ERROR:process_memory_win.cc(73)] ReadMemory at 0x7fffb3be0000 of 64 bytes failed: Only part of a ReadProcessMemory or WriteProcessMemory request was completed. (0x12B)
[0612/135434.195:WARNING:pe_image_reader.cc(340)] could not read dos header from C:\Windows\system32\OLEAUT32.dll
[0612/135434.195:ERROR:process_memory_win.cc(73)] ReadMemory at 0x7fffacfb0000 of 64 bytes failed: Only part of a ReadProcessMemory or WriteProcessMemory request was completed. (0x12B)
[0612/135434.195:WARNING:pe_image_reader.cc(340)] could not read dos header from C:\Windows\SYSTEM32\WINMM.dll
[0612/135434.195:ERROR:process_memory_win.cc(73)] ReadMemory at 0x7fffaa220000 of 64 bytes failed: Only part of a ReadProcessMemory or WriteProcessMemory request was completed. (0x12B)
[0612/135434.195:WARNING:pe_image_reader.cc(340)] could not read dos header from C:\Windows\SYSTEM32\Secur32.dll
[0612/135434.195:ERROR:process_memory_win.cc(73)] ReadMemory at 0x7fffb10b0000 of 64 bytes failed: Only part of a ReadProcessMemory or WriteProcessMemory request was completed. (0x12B)
[0612/135434.195:WARNING:pe_image_reader.cc(340)] could not read dos header from C:\Windows\SYSTEM32\USERENV.dll
[0612/135434.195:ERROR:process_memory_win.cc(73)] ReadMemory at 0x7fffb1fa0000 of 64 bytes failed: Only part of a ReadProcessMemory or WriteProcessMemory request was completed. (0x12B)
[0612/135434.195:WARNING:pe_image_reader.cc(340)] could not read dos header from C:\Windows\system32\WINTRUST.dll
[0612/135434.195:ERROR:process_memory_win.cc(73)] ReadMemory at 0x7fffad340000 of 64 bytes failed: Only part of a ReadProcessMemory or WriteProcessMemory request was completed. (0x12B)
[0612/135434.195:WARNING:pe_image_reader.cc(340)] could not read dos header from C:\Windows\SYSTEM32\UIAutomationCore.DLL
[0612/135434.195:ERROR:process_memory_win.cc(73)] ReadMemory at 0x7fffb1cc0000 of 64 bytes failed: Only part of a ReadProcessMemory or WriteProcessMemory request was completed. (0x12B)
[0612/135434.195:WARNING:pe_image_reader.cc(340)] could not read dos header from C:\Windows\system32\CRYPT32.dll
[0612/135434.195:ERROR:process_memory_win.cc(73)] ReadMemory at 0x7fffaecd0000 of 64 bytes failed: Only part of a ReadProcessMemory or WriteProcessMemory request was completed. (0x12B)
[0612/135434.195:WARNING:pe_image_reader.cc(340)] could not read dos header from C:\Windows\SYSTEM32\DWrite.dll
[0612/135434.195:ERROR:process_memory_win.cc(73)] ReadMemory at 0x7fffa6dc0000 of 64 bytes failed: Only part of a ReadProcessMemory or WriteProcessMemory request was completed. (0x12B)
[0612/135434.195:WARNING:pe_image_reader.cc(340)] could not read dos header from C:\Windows\SYSTEM32\WINSPOOL.DRV
[0612/135434.195:ERROR:process_memory_win.cc(73)] ReadMemory at 0x7fffa6670000 of 64 bytes failed: Only part of a ReadProcessMemory or WriteProcessMemory request was completed. (0x12B)
[0612/135434.195:WARNING:pe_image_reader.cc(340)] could not read dos header from C:\Windows\SYSTEM32\dbghelp.dll
[0612/135434.195:ERROR:process_memory_win.cc(73)] ReadMemory at 0x7fffac080000 of 64 bytes failed: Only part of a ReadProcessMemory or WriteProcessMemory request was completed. (0x12B)
[0612/135434.195:WARNING:pe_image_reader.cc(340)] could not read dos header from C:\Windows\SYSTEM32\WINHTTP.dll
[0612/135434.195:ERROR:process_memory_win.cc(73)] ReadMemory at 0x7fffadf90000 of 64 bytes failed: Only part of a ReadProcessMemory or WriteProcessMemory request was completed. (0x12B)
[0612/135434.195:WARNING:pe_image_reader.cc(340)] could not read dos header from C:\Windows\SYSTEM32\dhcpcsvc.DLL
[0612/135434.195:ERROR:process_memory_win.cc(73)] ReadMemory at 0x7fffb45e0000 of 64 bytes failed: Only part of a ReadProcessMemory or WriteProcessMemory request was completed. (0x12B)
[0612/135434.195:WARNING:pe_image_reader.cc(340)] could not read dos header from C:\Windows\system32\NSI.dll
[0612/135434.195:ERROR:process_memory_win.cc(73)] ReadMemory at 0x7fffae1b0000 of 64 bytes failed: Only part of a ReadProcessMemory or WriteProcessMemory request was completed. (0x12B)
[0612/135434.195:WARNING:pe_image_reader.cc(340)] could not read dos header from C:\Windows\SYSTEM32\WINNSI.DLL
[0612/135434.195:ERROR:process_memory_win.cc(73)] ReadMemory at 0x84e38e0000 of 64 bytes failed: Only part of a ReadProcessMemory or WriteProcessMemory request was completed. (0x12B)
[0612/135434.195:WARNING:pe_image_reader.cc(340)] could not read dos header from C:\Windows\system32\combase.dll
[0612/135434.195:ERROR:process_memory_win.cc(73)] ReadMemory at 0x7fffaaa70000 of 64 bytes failed: Only part of a ReadProcessMemory or WriteProcessMemory request was completed. (0x12B)
[0612/135434.195:WARNING:pe_image_reader.cc(340)] could not read dos header from C:\Windows\SYSTEM32\WINMMBASE.dll
[0612/135434.195:ERROR:process_memory_win.cc(73)] ReadMemory at 0x7fffb2520000 of 64 bytes failed: Only part of a ReadProcessMemory or WriteProcessMemory request was completed. (0x12B)
[0612/135434.195:WARNING:pe_image_reader.cc(340)] could not read dos header from C:\Windows\system32\USER32.dll
[0612/135434.195:ERROR:process_memory_win.cc(73)] ReadMemory at 0x7fffb1ad0000 of 64 bytes failed: Only part of a ReadProcessMemory or WriteProcessMemory request was completed. (0x12B)
[0612/135434.195:WARNING:pe_image_reader.cc(340)] could not read dos header from C:\Windows\SYSTEM32\profapi.dll
[0612/135434.195:ERROR:process_memory_win.cc(73)] ReadMemory at 0x7fffb1b80000 of 64 bytes failed: Only part of a ReadProcessMemory or WriteProcessMemory request was completed. (0x12B)
[0612/135434.195:WARNING:pe_image_reader.cc(340)] could not read dos header from C:\Windows\system32\MSASN1.dll
[0612/135434.195:ERROR:process_memory_win.cc(73)] ReadMemory at 0x7fffb1f50000 of 64 bytes failed: Only part of a ReadProcessMemory or WriteProcessMemory request was completed. (0x12B)
[0612/135434.195:WARNING:pe_image_reader.cc(340)] could not read dos header from C:\Windows\SYSTEM32\cfgmgr32.dll
[0612/135434.195:ERROR:process_memory_win.cc(73)] ReadMemory at 0x7fffb0920000 of 64 bytes failed: Only part of a ReadProcessMemory or WriteProcessMemory request was completed. (0x12B)
[0612/135434.195:WARNING:pe_image_reader.cc(340)] could not read dos header from C:\Windows\SYSTEM32\DEVOBJ.dll
[0612/135434.195:ERROR:process_memory_win.cc(73)] ReadMemory at 0x7fffb3ea0000 of 64 bytes failed: Only part of a ReadProcessMemory or WriteProcessMemory request was completed. (0x12B)
[0612/135434.195:WARNING:pe_image_reader.cc(340)] could not read dos header from C:\Windows\system32\GDI32.dll
[0612/135434.195:ERROR:process_memory_win.cc(73)] ReadMemory at 0x7fffb1890000 of 64 bytes failed: Only part of a ReadProcessMemory or WriteProcessMemory request was completed. (0x12B)
[0612/135434.195:WARNING:pe_image_reader.cc(340)] could not read dos header from C:\Windows\SYSTEM32\SSPICLI.DLL
[0612/135434.195:ERROR:process_memory_win.cc(73)] ReadMemory at 0x7fffb41d0000 of 64 bytes failed: Only part of a ReadProcessMemory or WriteProcessMemory request was completed. (0x12B)
[0612/135434.195:WARNING:pe_image_reader.cc(340)] could not read dos header from C:\Windows\system32\IMM32.DLL
[0612/135434.199:ERROR:process_memory_win.cc(73)] ReadMemory at 0x7fffb44a0000 of 64 bytes failed: Only part of a ReadProcessMemory or WriteProcessMemory request was completed. (0x12B)
[0612/135434.199:WARNING:pe_image_reader.cc(340)] could not read dos header from C:\Windows\system32\MSCTF.dll
[0612/135434.199:ERROR:process_memory_win.cc(73)] ReadMemory at 0x7fffb1940000 of 64 bytes failed: Only part of a ReadProcessMemory or WriteProcessMemory request was completed. (0x12B)
[0612/135434.199:WARNING:pe_image_reader.cc(340)] could not read dos header from C:\Windows\SYSTEM32\CRYPTBASE.DLL
[0612/135434.199:ERROR:process_memory_win.cc(73)] ReadMemory at 0x7fffb18d0000 of 64 bytes failed: Only part of a ReadProcessMemory or WriteProcessMemory request was completed. (0x12B)
[0612/135434.199:WARNING:pe_image_reader.cc(340)] could not read dos header from C:\Windows\SYSTEM32\bcryptPrimitives.dll
[0612/135434.199:ERROR:process_memory_win.cc(73)] ReadMemory at 0x7ff6c81d0000 of 64 bytes failed: Only part of a ReadProcessMemory or WriteProcessMemory request was completed. (0x12B)
[0612/135434.199:WARNING:pe_image_reader.cc(340)] could not read dos header from C:\Program Files (x86)\Google\Chrome\Application\chrome.exe
[0612/135434.199:ERROR:process_memory_win.cc(73)] ReadMemory at 0x7fffb48e0000 of 64 bytes failed: Only part of a ReadProcessMemory or WriteProcessMemory request was completed. (0x12B)
[0612/135434.199:WARNING:pe_image_reader.cc(340)] could not read dos header from C:\Windows\SYSTEM32\ntdll.dll
[0612/135434.199:ERROR:process_memory_win.cc(73)] ReadMemory at 0x7fffb1ff0000 of 64 bytes failed: Only part of a ReadProcessMemory or WriteProcessMemory request was completed. (0x12B)
[0612/135434.199:WARNING:pe_image_reader.cc(340)] could not read dos header from C:\Windows\system32\KERNEL32.DLL
[0612/135434.199:ERROR:process_memory_win.cc(73)] ReadMemory at 0x7fffb1ba0000 of 64 bytes failed: Only part of a ReadProcessMemory or WriteProcessMemory request was completed. (0x12B)
[0612/135434.199:WARNING:pe_image_reader.cc(340)] could not read dos header from C:\Windows\system32\KERNELBASE.dll
[0612/135434.199:ERROR:process_memory_win.cc(73)] ReadMemory at 0x7fffab550000 of 64 bytes failed: Only part of a ReadProcessMemory or WriteProcessMemory request was completed. (0x12B)
[0612/135434.199:WARNING:pe_image_reader.cc(340)] could not read dos header from C:\Program Files (x86)\Google\Chrome\Application\83.0.4103.97\chrome_elf.dll
[0612/135434.199:ERROR:process_memory_win.cc(73)] ReadMemory at 0x7fffabd80000 of 64 bytes failed: Only part of a ReadProcessMemory or WriteProcessMemory request was completed. (0x12B)
[0612/135434.199:WARNING:pe_image_reader.cc(340)] could not read dos header from C:\Windows\SYSTEM32\VERSION.dll
[0612/135434.199:ERROR:process_memory_win.cc(73)] ReadMemory at 0x7fffb3ff0000 of 64 bytes failed: Only part of a ReadProcessMemory or WriteProcessMemory request was completed. (0x12B)
[0612/135434.199:WARNING:pe_image_reader.cc(340)] could not read dos header from C:\Windows\system32\msvcrt.dll
[0612/135434.199:ERROR:process_memory_win.cc(73)] ReadMemory at 0x7fffb4210000 of 64 bytes failed: Only part of a ReadProcessMemory or WriteProcessMemory request was completed. (0x12B)
[0612/135434.199:WARNING:pe_image_reader.cc(340)] could not read dos header from C:\Windows\system32\ADVAPI32.dll
[0612/135434.199:ERROR:process_memory_win.cc(73)] ReadMemory at 0x7fffb4170000 of 64 bytes failed: Only part of a ReadProcessMemory or WriteProcessMemory request was completed. (0x12B)
[0612/135434.199:WARNING:pe_image_reader.cc(340)] could not read dos header from C:\Windows\SYSTEM32\sechost.dll
[0612/135434.199:ERROR:process_memory_win.cc(73)] ReadMemory at 0x7fffb42c0000 of 64 bytes failed: Only part of a ReadProcessMemory or WriteProcessMemory request was completed. (0x12B)
[0612/135434.199:WARNING:pe_image_reader.cc(340)] could not read dos header from C:\Windows\system32\RPCRT4.dll
[0612/135434.199:ERROR:process_memory_win.cc(73)] ReadMemory at 0x7fff93e50000 of 64 bytes failed: Only part of a ReadProcessMemory or WriteProcessMemory request was completed. (0x12B)
[0612/135434.199:WARNING:pe_image_reader.cc(340)] could not read dos header from C:\Program Files (x86)\Google\Chrome\Application\83.0.4103.97\chrome.dll
[0612/135434.199:ERROR:process_memory_win.cc(73)] ReadMemory at 0x7fffb4110000 of 64 bytes failed: Only part of a ReadProcessMemory or WriteProcessMemory request was completed. (0x12B)
[0612/135434.199:WARNING:pe_image_reader.cc(340)] could not read dos header from C:\Windows\system32\WS2_32.dll
[0612/135434.199:ERROR:process_memory_win.cc(73)] ReadMemory at 0x7fffae1d0000 of 64 bytes failed: Only part of a ReadProcessMemory or WriteProcessMemory request was completed. (0x12B)
[0612/135434.199:WARNING:pe_image_reader.cc(340)] could not read dos header from C:\Windows\SYSTEM32\IPHLPAPI.DLL
[0612/135434.199:ERROR:process_memory_win.cc(73)] ReadMemory at 0x7fffb3be0000 of 64 bytes failed: Only part of a ReadProcessMemory or WriteProcessMemory request was completed. (0x12B)
[0612/135434.199:WARNING:pe_image_reader.cc(340)] could not read dos header from C:\Windows\system32\OLEAUT32.dll
[0612/135434.199:ERROR:process_memory_win.cc(73)] ReadMemory at 0x7fffacfb0000 of 64 bytes failed: Only part of a ReadProcessMemory or WriteProcessMemory request was completed. (0x12B)
[0612/135434.199:WARNING:pe_image_reader.cc(340)] could not read dos header from C:\Windows\SYSTEM32\WINMM.dll
[0612/135434.199:ERROR:process_memory_win.cc(73)] ReadMemory at 0x7fffaa220000 of 64 bytes failed: Only part of a ReadProcessMemory or WriteProcessMemory request was completed. (0x12B)
[0612/135434.199:WARNING:pe_image_reader.cc(340)] could not read dos header from C:\Windows\SYSTEM32\Secur32.dll
[0612/135434.199:ERROR:process_memory_win.cc(73)] ReadMemory at 0x7fffb10b0000 of 64 bytes failed: Only part of a ReadProcessMemory or WriteProcessMemory request was completed. (0x12B)
[0612/135434.199:WARNING:pe_image_reader.cc(340)] could not read dos header from C:\Windows\SYSTEM32\USERENV.dll
[0612/135434.199:ERROR:process_memory_win.cc(73)] ReadMemory at 0x7fffb1fa0000 of 64 bytes failed: Only part of a ReadProcessMemory or WriteProcessMemory request was completed. (0x12B)
[0612/135434.199:WARNING:pe_image_reader.cc(340)] could not read dos header from C:\Windows\system32\WINTRUST.dll
[0612/135434.199:ERROR:process_memory_win.cc(73)] ReadMemory at 0x7fffad340000 of 64 bytes failed: Only part of a ReadProcessMemory or WriteProcessMemory request was completed. (0x12B)
[0612/135434.199:WARNING:pe_image_reader.cc(340)] could not read dos header from C:\Windows\SYSTEM32\UIAutomationCore.DLL
[0612/135434.199:ERROR:process_memory_win.cc(73)] ReadMemory at 0x7fffb1cc0000 of 64 bytes failed: Only part of a ReadProcessMemory or WriteProcessMemory request was completed. (0x12B)
[0612/135434.199:WARNING:pe_image_reader.cc(340)] could not read dos header from C:\Windows\system32\CRYPT32.dll
[0612/135434.199:ERROR:process_memory_win.cc(73)] ReadMemory at 0x7fffaecd0000 of 64 bytes failed: Only part of a ReadProcessMemory or WriteProcessMemory request was completed. (0x12B)
[0612/135434.199:WARNING:pe_image_reader.cc(340)] could not read dos header from C:\Windows\SYSTEM32\DWrite.dll
[0612/135434.199:ERROR:process_memory_win.cc(73)] ReadMemory at 0x7fffa6dc0000 of 64 bytes failed: Only part of a ReadProcessMemory or WriteProcessMemory request was completed. (0x12B)
[0612/135434.199:WARNING:pe_image_reader.cc(340)] could not read dos header from C:\Windows\SYSTEM32\WINSPOOL.DRV
[0612/135434.199:ERROR:process_memory_win.cc(73)] ReadMemory at 0x7fffa6670000 of 64 bytes failed: Only part of a ReadProcessMemory or WriteProcessMemory request was completed. (0x12B)
[0612/135434.199:WARNING:pe_image_reader.cc(340)] could not read dos header from C:\Windows\SYSTEM32\dbghelp.dll
[0612/135434.199:ERROR:process_memory_win.cc(73)] ReadMemory at 0x7fffac080000 of 64 bytes failed: Only part of a ReadProcessMemory or WriteProcessMemory request was completed. (0x12B)
[0612/135434.199:WARNING:pe_image_reader.cc(340)] could not read dos header from C:\Windows\SYSTEM32\WINHTTP.dll
[0612/135434.199:ERROR:process_memory_win.cc(73)] ReadMemory at 0x7fffadf90000 of 64 bytes failed: Only part of a ReadProcessMemory or WriteProcessMemory request was completed. (0x12B)
[0612/135434.199:WARNING:pe_image_reader.cc(340)] could not read dos header from C:\Windows\SYSTEM32\dhcpcsvc.DLL
[0612/135434.199:ERROR:process_memory_win.cc(73)] ReadMemory at 0x7fffb45e0000 of 64 bytes failed: Only part of a ReadProcessMemory or WriteProcessMemory request was completed. (0x12B)
[0612/135434.199:WARNING:pe_image_reader.cc(340)] could not read dos header from C:\Windows\system32\NSI.dll
[0612/135434.199:ERROR:process_memory_win.cc(73)] ReadMemory at 0x7fffae1b0000 of 64 bytes failed: Only part of a ReadProcessMemory or WriteProcessMemory request was completed. (0x12B)
[0612/135434.199:WARNING:pe_image_reader.cc(340)] could not read dos header from C:\Windows\SYSTEM32\WINNSI.DLL
[0612/135434.199:ERROR:process_memory_win.cc(73)] ReadMemory at 0x84e38e0000 of 64 bytes failed: Only part of a ReadProcessMemory or WriteProcessMemory request was completed. (0x12B)
[0612/135434.199:WARNING:pe_image_reader.cc(340)] could not read dos header from C:\Windows\system32\combase.dll
[0612/135434.199:ERROR:process_memory_win.cc(73)] ReadMemory at 0x7fffaaa70000 of 64 bytes failed: Only part of a ReadProcessMemory or WriteProcessMemory request was completed. (0x12B)
[0612/135434.199:WARNING:pe_image_reader.cc(340)] could not read dos header from C:\Windows\SYSTEM32\WINMMBASE.dll
[0612/135434.199:ERROR:process_memory_win.cc(73)] ReadMemory at 0x7fffb2520000 of 64 bytes failed: Only part of a ReadProcessMemory or WriteProcessMemory request was completed. (0x12B)
[0612/135434.199:WARNING:pe_image_reader.cc(340)] could not read dos header from C:\Windows\system32\USER32.dll
[0612/135434.199:ERROR:process_memory_win.cc(73)] ReadMemory at 0x7fffb1ad0000 of 64 bytes failed: Only part of a ReadProcessMemory or WriteProcessMemory request was completed. (0x12B)
[0612/135434.199:WARNING:pe_image_reader.cc(340)] could not read dos header from C:\Windows\SYSTEM32\profapi.dll
[0612/135434.199:ERROR:process_memory_win.cc(73)] ReadMemory at 0x7fffb1b80000 of 64 bytes failed: Only part of a ReadProcessMemory or WriteProcessMemory request was completed. (0x12B)
[0612/135434.199:WARNING:pe_image_reader.cc(340)] could not read dos header from C:\Windows\system32\MSASN1.dll
[0612/135434.199:ERROR:process_memory_win.cc(73)] ReadMemory at 0x7fffb1f50000 of 64 bytes failed: Only part of a ReadProcessMemory or WriteProcessMemory request was completed. (0x12B)
[0612/135434.199:WARNING:pe_image_reader.cc(340)] could not read dos header from C:\Windows\SYSTEM32\cfgmgr32.dll
[0612/135434.199:ERROR:process_memory_win.cc(73)] ReadMemory at 0x7fffb0920000 of 64 bytes failed: Only part of a ReadProcessMemory or WriteProcessMemory request was completed. (0x12B)
[0612/135434.199:WARNING:pe_image_reader.cc(340)] could not read dos header from C:\Windows\SYSTEM32\DEVOBJ.dll
[0612/135434.199:ERROR:process_memory_win.cc(73)] ReadMemory at 0x7fffb3ea0000 of 64 bytes failed: Only part of a ReadProcessMemory or WriteProcessMemory request was completed. (0x12B)
[0612/135434.199:WARNING:pe_image_reader.cc(340)] could not read dos header from C:\Windows\system32\GDI32.dll
[0612/135434.199:ERROR:process_memory_win.cc(73)] ReadMemory at 0x7fffb1890000 of 64 bytes failed: Only part of a ReadProcessMemory or WriteProcessMemory request was completed. (0x12B)
[0612/135434.199:WARNING:pe_image_reader.cc(340)] could not read dos header from C:\Windows\SYSTEM32\SSPICLI.DLL
[0612/135434.199:ERROR:process_memory_win.cc(73)] ReadMemory at 0x7fffb41d0000 of 64 bytes failed: Only part of a ReadProcessMemory or WriteProcessMemory request was completed. (0x12B)
[0612/135434.199:WARNING:pe_image_reader.cc(340)] could not read dos header from C:\Windows\system32\IMM32.DLL
[0612/135434.199:ERROR:process_memory_win.cc(73)] ReadMemory at 0x7fffb44a0000 of 64 bytes failed: Only part of a ReadProcessMemory or WriteProcessMemory request was completed. (0x12B)
[0612/135434.199:WARNING:pe_image_reader.cc(340)] could not read dos header from C:\Windows\system32\MSCTF.dll
[0612/135434.203:ERROR:process_memory_win.cc(73)] ReadMemory at 0x7fffb1940000 of 64 bytes failed: Only part of a ReadProcessMemory or WriteProcessMemory request was completed. (0x12B)
[0612/135434.203:WARNING:pe_image_reader.cc(340)] could not read dos header from C:\Windows\SYSTEM32\CRYPTBASE.DLL
[0612/135434.203:ERROR:process_memory_win.cc(73)] ReadMemory at 0x7fffb18d0000 of 64 bytes failed: Only part of a ReadProcessMemory or WriteProcessMemory request was completed. (0x12B)
[0612/135434.203:WARNING:pe_image_reader.cc(340)] could not read dos header from C:\Windows\SYSTEM32\bcryptPrimitives.dll
[0612/135435.779:ERROR:process_memory_win.cc(73)] ReadMemory at 0x84e2f69000 of 28672 bytes failed: Only part of a ReadProcessMemory or WriteProcessMemory request was completed. (0x12B)
[0612/135435.779:ERROR:process_memory_win.cc(73)] ReadMemory at 0x84e574d000 of 12288 bytes failed: Only part of a ReadProcessMemory or WriteProcessMemory request was completed. (0x12B)
[0612/135435.779:ERROR:process_memory_win.cc(73)] ReadMemory at 0x84e674c000 of 16384 bytes failed: Only part of a ReadProcessMemory or WriteProcessMemory request was completed. (0x12B)
[0612/135435.819:ERROR:process_memory_win.cc(73)] ReadMemory at 0x84e6f4c000 of 16384 bytes failed: Only part of a ReadProcessMemory or WriteProcessMemory request was completed. (0x12B)
[0612/135435.819:ERROR:process_memory_win.cc(73)] ReadMemory at 0x84e774e000 of 8192 bytes failed: Only part of a ReadProcessMemory or WriteProcessMemory request was completed. (0x12B)
[0612/135435.819:ERROR:process_memory_win.cc(73)] ReadMemory at 0x84e7f4d000 of 12288 bytes failed: Only part of a ReadProcessMemory or WriteProcessMemory request was completed. (0x12B)
[0612/135435.819:ERROR:process_memory_win.cc(73)] ReadMemory at 0x84e894b000 of 20480 bytes failed: Only part of a ReadProcessMemory or WriteProcessMemory request was completed. (0x12B)
[0612/135435.819:ERROR:process_memory_win.cc(73)] ReadMemory at 0x84e914d000 of 12288 bytes failed: Only part of a ReadProcessMemory or WriteProcessMemory request was completed. (0x12B)
[0612/135435.819:ERROR:process_memory_win.cc(73)] ReadMemory at 0x84e994d000 of 12288 bytes failed: Only part of a ReadProcessMemory or WriteProcessMemory request was completed. (0x12B)
[0612/135435.819:ERROR:process_memory_win.cc(73)] ReadMemory at 0x84ea14d000 of 12288 bytes failed: Only part of a ReadProcessMemory or WriteProcessMemory request was completed. (0x12B)
[0612/135435.819:ERROR:process_memory_win.cc(73)] ReadMemory at 0x84ea94d000 of 12288 bytes failed: Only part of a ReadProcessMemory or WriteProcessMemory request was completed. (0x12B)
[0612/135435.819:ERROR:process_memory_win.cc(73)] ReadMemory at 0x84e5f4d000 of 12288 bytes failed: Only part of a ReadProcessMemory or WriteProcessMemory request was completed. (0x12B)
[0612/135435.819:ERROR:process_memory_win.cc(73)] ReadMemory at 0x84ec4cd000 of 12288 bytes failed: Only part of a ReadProcessMemory or WriteProcessMemory request was completed. (0x12B)
[0612/135435.819:ERROR:process_memory_win.cc(73)] ReadMemory at 0x84eb39e000 of 8192 bytes failed: Only part of a ReadProcessMemory or WriteProcessMemory request was completed. (0x12B)
[0612/135435.819:ERROR:process_memory_win.cc(73)] ReadMemory at 0x84e2fd0860 of 3156 bytes failed: Only part of a ReadProcessMemory or WriteProcessMemory request was completed. (0x12B)
[0612/135435.852:ERROR:process_memory_win.cc(73)] ReadMemory at 0x84e2fd14c0 of 1012 bytes failed: Only part of a ReadProcessMemory or WriteProcessMemory request was completed. (0x12B)
[0612/135435.852:ERROR:process_memory_win.cc(73)] ReadMemory at 0x84e2fd1ad8 of 118 bytes failed: Only part of a ReadProcessMemory or WriteProcessMemory request was completed. (0x12B)
[0612/135435.852:ERROR:process_memory_win.cc(73)] ReadMemory at 0x84e2fd1b50 of 754 bytes failed: Only part of a ReadProcessMemory or WriteProcessMemory request was completed. (0x12B)
[0612/135435.852:ERROR:process_memory_win.cc(73)] ReadMemory at 0x84e2fd1e44 of 118 bytes failed: Only part of a ReadProcessMemory or WriteProcessMemory request was completed. (0x12B)
[0612/135435.852:ERROR:process_memory_win.cc(73)] ReadMemory at 0x84e2fd1ebc of 98 bytes failed: Only part of a ReadProcessMemory or WriteProcessMemory request was completed. (0x12B)
[0612/135435.852:ERROR:process_memory_win.cc(73)] ReadMemory at 0x84e2fd1f30 of 58 bytes failed: Only part of a ReadProcessMemory or WriteProcessMemory request was completed. (0x12B)
[0612/135435.891:ERROR:process_memory_win.cc(73)] ReadMemory at 0x84e2fd2040 of 132 bytes failed: Only part of a ReadProcessMemory or WriteProcessMemory request was completed. (0x12B)
[0612/135435.891:ERROR:process_memory_win.cc(73)] ReadMemory at 0x84e2fd21c0 of 132 bytes failed: Only part of a ReadProcessMemory or WriteProcessMemory request was completed. (0x12B)
[0612/135435.895:ERROR:process_memory_win.cc(73)] ReadMemory at 0x84e2fd23d0 of 124 bytes failed: Only part of a ReadProcessMemory or WriteProcessMemory request was completed. (0x12B)
[0612/135435.895:ERROR:process_memory_win.cc(73)] ReadMemory at 0x84e2fd26c0 of 64 bytes failed: Only part of a ReadProcessMemory or WriteProcessMemory request was completed. (0x12B)
[0612/135435.895:ERROR:process_memory_win.cc(73)] ReadMemory at 0x84e2fd2710 of 132 bytes failed: Only part of a ReadProcessMemory or WriteProcessMemory request was completed. (0x12B)
[0612/135435.895:ERROR:process_memory_win.cc(73)] ReadMemory at 0x84e2fd29d0 of 152 bytes failed: Only part of a ReadProcessMemory or WriteProcessMemory request was completed. (0x12B)
[0612/135435.895:ERROR:process_memory_win.cc(73)] ReadMemory at 0x84e2fd2a80 of 68 bytes failed: Only part of a ReadProcessMemory or WriteProcessMemory request was completed. (0x12B)
[0612/135435.895:ERROR:process_memory_win.cc(73)] ReadMemory at 0x84e2fd2ad0 of 132 bytes failed: Only part of a ReadProcessMemory or WriteProcessMemory request was completed. (0x12B)
[0612/135435.895:ERROR:process_memory_win.cc(73)] ReadMemory at 0x84e2fd3830 of 132 bytes failed: Only part of a ReadProcessMemory or WriteProcessMemory request was completed. (0x12B)
[0612/135435.895:ERROR:process_memory_win.cc(73)] ReadMemory at 0x84e2fd39b0 of 132 bytes failed: Only part of a ReadProcessMemory or WriteProcessMemory request was completed. (0x12B)
[0612/135435.895:ERROR:process_memory_win.cc(73)] ReadMemory at 0x84e2fd3f60 of 62 bytes failed: Only part of a ReadProcessMemory or WriteProcessMemory request was completed. (0x12B)
[0612/135435.895:ERROR:process_memory_win.cc(73)] ReadMemory at 0x84e2fd4430 of 54 bytes failed: Only part of a ReadProcessMemory or WriteProcessMemory request was completed. (0x12B)
[0612/135435.895:ERROR:process_memory_win.cc(73)] ReadMemory at 0x84e2fd4840 of 60 bytes failed: Only part of a ReadProcessMemory or WriteProcessMemory request was completed. (0x12B)
[0612/135435.895:ERROR:process_memory_win.cc(73)] ReadMemory at 0x84e2fd4890 of 132 bytes failed: Only part of a ReadProcessMemory or WriteProcessMemory request was completed. (0x12B)
[0612/135435.895:ERROR:process_memory_win.cc(73)] ReadMemory at 0x84e2fd6900 of 132 bytes failed: Only part of a ReadProcessMemory or WriteProcessMemory request was completed. (0x12B)
[0612/135435.895:ERROR:process_memory_win.cc(73)] ReadMemory at 0x84e2fd6a20 of 132 bytes failed: Only part of a ReadProcessMemory or WriteProcessMemory request was completed. (0x12B)
[0612/135435.895:ERROR:process_memory_win.cc(73)] ReadMemory at 0x84e2fd9570 of 144 bytes failed: Only part of a ReadProcessMemory or WriteProcessMemory request was completed. (0x12B)
[0612/135435.895:ERROR:process_memory_win.cc(73)] ReadMemory at 0x84e2fdb440 of 58 bytes failed: Only part of a ReadProcessMemory or WriteProcessMemory request was completed. (0x12B)
[0612/135435.895:ERROR:process_memory_win.cc(73)] ReadMemory at 0x84e2fdb490 of 62 bytes failed: Only part of a ReadProcessMemory or WriteProcessMemory request was completed. (0x12B)
[0612/135435.895:ERROR:process_memory_win.cc(73)] ReadMemory at 0x84e2fdb4e0 of 62 bytes failed: Only part of a ReadProcessMemory or WriteProcessMemory request was completed. (0x12B)
[0612/135435.947:ERROR:process_memory_win.cc(73)] ReadMemory at 0x84e2fdb530 of 62 bytes failed: Only part of a ReadProcessMemory or WriteProcessMemory request was completed. (0x12B)
[0612/135435.947:ERROR:process_memory_win.cc(73)] ReadMemory at 0x84e2fdb580 of 62 bytes failed: Only part of a ReadProcessMemory or WriteProcessMemory request was completed. (0x12B)
[0612/135435.947:ERROR:process_memory_win.cc(73)] ReadMemory at 0x84e2fdb5d0 of 64 bytes failed: Only part of a ReadProcessMemory or WriteProcessMemory request was completed. (0x12B)
[0612/135435.947:ERROR:process_memory_win.cc(73)] ReadMemory at 0x84e2fdb620 of 64 bytes failed: Only part of a ReadProcessMemory or WriteProcessMemory request was completed. (0x12B)
[0612/135435.947:ERROR:process_memory_win.cc(73)] ReadMemory at 0x84e2fdb670 of 64 bytes failed: Only part of a ReadProcessMemory or WriteProcessMemory request was completed. (0x12B)
[0612/135435.947:ERROR:process_memory_win.cc(73)] ReadMemory at 0x84e2fdb6c0 of 60 bytes failed: Only part of a ReadProcessMemory or WriteProcessMemory request was completed. (0x12B)
[0612/135435.947:ERROR:process_memory_win.cc(73)] ReadMemory at 0x84e2fdb710 of 64 bytes failed: Only part of a ReadProcessMemory or WriteProcessMemory request was completed. (0x12B)
[0612/135435.947:ERROR:process_memory_win.cc(73)] ReadMemory at 0x84e2fdb760 of 60 bytes failed: Only part of a ReadProcessMemory or WriteProcessMemory request was completed. (0x12B)
[0612/135435.947:ERROR:process_memory_win.cc(73)] ReadMemory at 0x84e2fdb7b0 of 64 bytes failed: Only part of a ReadProcessMemory or WriteProcessMemory request was completed. (0x12B)
[0612/135435.947:ERROR:process_memory_win.cc(73)] ReadMemory at 0x84e2fdb800 of 62 bytes failed: Only part of a ReadProcessMemory or WriteProcessMemory request was completed. (0x12B)
[0612/135435.947:ERROR:process_memory_win.cc(73)] ReadMemory at 0x84e2fdb850 of 62 bytes failed: Only part of a ReadProcessMemory or WriteProcessMemory request was completed. (0x12B)
[0612/135435.947:ERROR:process_memory_win.cc(73)] ReadMemory at 0x84e2fdb8a0 of 66 bytes failed: Only part of a ReadProcessMemory or WriteProcessMemory request was completed. (0x12B)
[0612/135435.947:ERROR:process_memory_win.cc(73)] ReadMemory at 0x84e2fdb8f0 of 62 bytes failed: Only part of a ReadProcessMemory or WriteProcessMemory request was completed. (0x12B)
[0612/135435.947:ERROR:process_memory_win.cc(73)] ReadMemory at 0x84e2fdb940 of 60 bytes failed: Only part of a ReadProcessMemory or WriteProcessMemory request was completed. (0x12B)
[0612/135435.947:ERROR:process_memory_win.cc(73)] ReadMemory at 0x84e2fdb990 of 60 bytes failed: Only part of a ReadProcessMemory or WriteProcessMemory request was completed. (0x12B)
[0612/135435.947:ERROR:process_memory_win.cc(73)] ReadMemory at 0x84e2fdb9e0 of 60 bytes failed: Only part of a ReadProcessMemory or WriteProcessMemory request was completed. (0x12B)
[0612/135435.947:ERROR:process_memory_win.cc(73)] ReadMemory at 0x84e2fdba80 of 64 bytes failed: Only part of a ReadProcessMemory or WriteProcessMemory request was completed. (0x12B)
[0612/135435.947:ERROR:process_memory_win.cc(73)] ReadMemory at 0x84e2fdbad0 of 64 bytes failed: Only part of a ReadProcessMemory or WriteProcessMemory request was completed. (0x12B)
[0612/135435.947:ERROR:process_memory_win.cc(73)] ReadMemory at 0x84e2fdbb20 of 60 bytes failed: Only part of a ReadProcessMemory or WriteProcessMemory request was completed. (0x12B)
[0612/135435.947:ERROR:process_memory_win.cc(73)] ReadMemory at 0x84e2fdbb70 of 62 bytes failed: Only part of a ReadProcessMemory or WriteProcessMemory request was completed. (0x12B)
[0612/135435.947:ERROR:process_memory_win.cc(73)] ReadMemory at 0x84e2fdbe30 of 80 bytes failed: Only part of a ReadProcessMemory or WriteProcessMemory request was completed. (0x12B)
[0612/135435.947:ERROR:process_memory_win.cc(73)] ReadMemory at 0x84e2fdc410 of 132 bytes failed: Only part of a ReadProcessMemory or WriteProcessMemory request was completed. (0x12B)
[0612/135435.947:ERROR:process_memory_win.cc(73)] ReadMemory at 0x84e2fdc530 of 132 bytes failed: Only part of a ReadProcessMemory or WriteProcessMemory request was completed. (0x12B)
[0612/135435.947:ERROR:process_memory_win.cc(73)] ReadMemory at 0x84e2fdd880 of 132 bytes failed: Only part of a ReadProcessMemory or WriteProcessMemory request was completed. (0x12B)
[0612/135435.947:ERROR:process_memory_win.cc(73)] ReadMemory at 0x84e2fdd9a0 of 132 bytes failed: Only part of a ReadProcessMemory or WriteProcessMemory request was completed. (0x12B)
[0612/135435.947:ERROR:process_memory_win.cc(73)] ReadMemory at 0x84e2fddac0 of 132 bytes failed: Only part of a ReadProcessMemory or WriteProcessMemory request was completed. (0x12B)
[0612/135435.991:ERROR:process_memory_win.cc(73)] ReadMemory at 0x84e2fde370 of 132 bytes failed: Only part of a ReadProcessMemory or WriteProcessMemory request was completed. (0x12B)
[0612/135435.991:ERROR:process_memory_win.cc(73)] ReadMemory at 0x84e2fde490 of 132 bytes failed: Only part of a ReadProcessMemory or WriteProcessMemory request was completed. (0x12B)
[0612/135435.991:ERROR:process_memory_win.cc(73)] ReadMemory at 0x84e2fde5b0 of 132 bytes failed: Only part of a ReadProcessMemory or WriteProcessMemory request was completed. (0x12B)
[0612/135435.991:ERROR:process_memory_win.cc(73)] ReadMemory at 0x84e2fde720 of 132 bytes failed: Only part of a ReadProcessMemory or WriteProcessMemory request was completed. (0x12B)
[0612/135435.991:ERROR:process_memory_win.cc(73)] ReadMemory at 0x84e2fde840 of 132 bytes failed: Only part of a ReadProcessMemory or WriteProcessMemory request was completed. (0x12B)
[0612/135435.991:ERROR:process_memory_win.cc(73)] ReadMemory at 0x84e2fde960 of 132 bytes failed: Only part of a ReadProcessMemory or WriteProcessMemory request was completed. (0x12B)
[0612/135435.991:ERROR:process_memory_win.cc(73)] ReadMemory at 0x84e2fdea80 of 132 bytes failed: Only part of a ReadProcessMemory or WriteProcessMemory request was completed. (0x12B)
[0612/135435.991:ERROR:process_memory_win.cc(73)] ReadMemory at 0x84e2fdeba0 of 132 bytes failed: Only part of a ReadProcessMemory or WriteProcessMemory request was completed. (0x12B)
[0612/135435.991:ERROR:process_memory_win.cc(73)] ReadMemory at 0x84e2fdecc0 of 132 bytes failed: Only part of a ReadProcessMemory or WriteProcessMemory request was completed. (0x12B)
[0612/135435.991:ERROR:process_memory_win.cc(73)] ReadMemory at 0x84e2fdede0 of 132 bytes failed: Only part of a ReadProcessMemory or WriteProcessMemory request was completed. (0x12B)
[0612/135435.991:ERROR:process_memory_win.cc(73)] ReadMemory at 0x84e2fdef00 of 132 bytes failed: Only part of a ReadProcessMemory or WriteProcessMemory request was completed. (0x12B)
[0612/135435.991:ERROR:process_memory_win.cc(73)] ReadMemory at 0x84e2fdf020 of 132 bytes failed: Only part of a ReadProcessMemory or WriteProcessMemory request was completed. (0x12B)
[0612/135435.991:ERROR:process_memory_win.cc(73)] ReadMemory at 0x84e2fdf140 of 132 bytes failed: Only part of a ReadProcessMemory or WriteProcessMemory request was completed. (0x12B)
[0612/135435.991:ERROR:process_memory_win.cc(73)] ReadMemory at 0x84e2fdf260 of 132 bytes failed: Only part of a ReadProcessMemory or WriteProcessMemory request was completed. (0x12B)
[0612/135435.991:ERROR:process_memory_win.cc(73)] ReadMemory at 0x84e2fdf380 of 132 bytes failed: Only part of a ReadProcessMemory or WriteProcessMemory request was completed. (0x12B)
[0612/135435.991:ERROR:process_memory_win.cc(73)] ReadMemory at 0x84e2fdf4a0 of 132 bytes failed: Only part of a ReadProcessMemory or WriteProcessMemory request was completed. (0x12B)
[0612/135436.027:ERROR:process_memory_win.cc(73)] ReadMemory at 0x84e2fe0270 of 80 bytes failed: Only part of a ReadProcessMemory or WriteProcessMemory request was completed. (0x12B)
[0612/135436.027:ERROR:process_memory_win.cc(73)] ReadMemory at 0x84e2fe14c0 of 132 bytes failed: Only part of a ReadProcessMemory or WriteProcessMemory request was completed. (0x12B)
[0612/135436.027:ERROR:process_memory_win.cc(73)] ReadMemory at 0x84e2fe15e0 of 132 bytes failed: Only part of a ReadProcessMemory or WriteProcessMemory request was completed. (0x12B)
[0612/135436.027:ERROR:process_memory_win.cc(73)] ReadMemory at 0x84e2fe1700 of 132 bytes failed: Only part of a ReadProcessMemory or WriteProcessMemory request was completed. (0x12B)
[0612/135436.027:ERROR:process_memory_win.cc(73)] ReadMemory at 0x84e2fe1dc0 of 132 bytes failed: Only part of a ReadProcessMemory or WriteProcessMemory request was completed. (0x12B)
[0612/135436.083:ERROR:process_memory_win.cc(73)] ReadMemory at 0x84e2fe2000 of 132 bytes failed: Only part of a ReadProcessMemory or WriteProcessMemory request was completed. (0x12B)
[0612/135436.083:ERROR:process_memory_win.cc(73)] ReadMemory at 0x84e2fe2240 of 132 bytes failed: Only part of a ReadProcessMemory or WriteProcessMemory request was completed. (0x12B)
[0612/135436.083:ERROR:process_memory_win.cc(73)] ReadMemory at 0x84e2fe2360 of 132 bytes failed: Only part of a ReadProcessMemory or WriteProcessMemory request was completed. (0x12B)
[0612/135436.083:ERROR:process_memory_win.cc(73)] ReadMemory at 0x84e2fe2c60 of 132 bytes failed: Only part of a ReadProcessMemory or WriteProcessMemory request was completed. (0x12B)
[0612/135436.083:ERROR:process_memory_win.cc(73)] ReadMemory at 0x84e2fe2d80 of 132 bytes failed: Only part of a ReadProcessMemory or WriteProcessMemory request was completed. (0x12B)
[0612/135436.083:ERROR:process_memory_win.cc(73)] ReadMemory at 0x84e2fe30e0 of 132 bytes failed: Only part of a ReadProcessMemory or WriteProcessMemory request was completed. (0x12B)
[0612/135436.083:ERROR:process_memory_win.cc(73)] ReadMemory at 0x84e2fe3b20 of 58 bytes failed: Only part of a ReadProcessMemory or WriteProcessMemory request was completed. (0x12B)
[0612/135436.083:ERROR:process_memory_win.cc(73)] ReadMemory at 0x84e2fe3b70 of 62 bytes failed: Only part of a ReadProcessMemory or WriteProcessMemory request was completed. (0x12B)
[0612/135436.083:ERROR:process_memory_win.cc(73)] ReadMemory at 0x84e2fe4020 of 66 bytes failed: Only part of a ReadProcessMemory or WriteProcessMemory request was completed. (0x12B)
[0612/135436.083:ERROR:process_memory_win.cc(73)] ReadMemory at 0x84e2fe4200 of 58 bytes failed: Only part of a ReadProcessMemory or WriteProcessMemory request was completed. (0x12B)
[0612/135436.083:ERROR:process_memory_win.cc(73)] ReadMemory at 0x84e2fe4390 of 60 bytes failed: Only part of a ReadProcessMemory or WriteProcessMemory request was completed. (0x12B)
[0612/135436.160:ERROR:process_memory_win.cc(73)] ReadMemory at 0x84e2fe43e0 of 58 bytes failed: Only part of a ReadProcessMemory or WriteProcessMemory request was completed. (0x12B)
[0612/135436.160:ERROR:process_memory_win.cc(73)] ReadMemory at 0x84e2fe99e0 of 896 bytes failed: Only part of a ReadProcessMemory or WriteProcessMemory request was completed. (0x12B)
[0612/135436.160:ERROR:process_memory_win.cc(73)] ReadMemory at 0x84e2fea5d0 of 512 bytes failed: Only part of a ReadProcessMemory or WriteProcessMemory request was completed. (0x12B)
[0612/135436.208:ERROR:process_memory_win.cc(73)] ReadMemory at 0x84e3308500 of 512 bytes failed: Only part of a ReadProcessMemory or WriteProcessMemory request was completed. (0x12B)
[0612/135436.208:ERROR:process_memory_win.cc(73)] ReadMemory at 0x84e334f1e8 of 512 bytes failed: Only part of a ReadProcessMemory or WriteProcessMemory request was completed. (0x12B)
[0612/135436.244:ERROR:process_memory_win.cc(73)] ReadMemory at 0x84e33500e0 of 512 bytes failed: Only part of a ReadProcessMemory or WriteProcessMemory request was completed. (0x12B)
[0612/135436.244:ERROR:process_memory_win.cc(73)] ReadMemory at 0x84e3351d40 of 512 bytes failed: Only part of a ReadProcessMemory or WriteProcessMemory request was completed. (0x12B)
[0612/135436.248:ERROR:process_memory_win.cc(73)] ReadMemory at 0x84e33544f0 of 512 bytes failed: Only part of a ReadProcessMemory or WriteProcessMemory request was completed. (0x12B)
[0612/135436.248:ERROR:process_memory_win.cc(73)] ReadMemory at 0x84e3371e00 of 512 bytes failed: Only part of a ReadProcessMemory or WriteProcessMemory request was completed. (0x12B)
[0612/135436.340:ERROR:process_memory_win.cc(73)] ReadMemory at 0x84e338e090 of 712 bytes failed: Only part of a ReadProcessMemory or WriteProcessMemory request was completed. (0x12B)
[0612/135436.340:ERROR:process_memory_win.cc(73)] ReadMemory at 0x84e3393470 of 512 bytes failed: Only part of a ReadProcessMemory or WriteProcessMemory request was completed. (0x12B)
[0612/135436.340:ERROR:process_memory_win.cc(73)] ReadMemory at 0x84e339f950 of 512 bytes failed: Only part of a ReadProcessMemory or WriteProcessMemory request was completed. (0x12B)
[0612/135436.468:ERROR:process_memory_win.cc(73)] ReadMemory at 0x84e33a3150 of 512 bytes failed: Only part of a ReadProcessMemory or WriteProcessMemory request was completed. (0x12B)
[0612/135436.468:ERROR:process_memory_win.cc(73)] ReadMemory at 0x84e33d2840 of 512 bytes failed: Only part of a ReadProcessMemory or WriteProcessMemory request was completed. (0x12B)
[0612/135436.468:ERROR:process_memory_win.cc(73)] ReadMemory at 0x84e38da260 of 512 bytes failed: Only part of a ReadProcessMemory or WriteProcessMemory request was completed. (0x12B)
[0612/135436.468:ERROR:process_memory_win.cc(73)] ReadMemory at 0x84e7f5a140 of 512 bytes failed: Only part of a ReadProcessMemory or WriteProcessMemory request was completed. (0x12B)
[0612/135436.468:ERROR:process_memory_win.cc(73)] ReadMemory at 0x84e7f63240 of 512 bytes failed: Only part of a ReadProcessMemory or WriteProcessMemory request was completed. (0x12B)
[0612/135436.468:ERROR:process_memory_win.cc(73)] ReadMemory at 0x84e7f6c298 of 512 bytes failed: Only part of a ReadProcessMemory or WriteProcessMemory request was completed. (0x12B)
[0612/135436.468:ERROR:process_memory_win.cc(73)] ReadMemory at 0x84e7ff6ab0 of 512 bytes failed: Only part of a ReadProcessMemory or WriteProcessMemory request was completed. (0x12B)
[0612/135436.568:ERROR:process_memory_win.cc(73)] ReadMemory at 0x84e7ff9250 of 512 bytes failed: Only part of a ReadProcessMemory or WriteProcessMemory request was completed. (0x12B)
[0612/135436.568:ERROR:process_memory_win.cc(73)] ReadMemory at 0x84e7ffafd0 of 512 bytes failed: Only part of a ReadProcessMemory or WriteProcessMemory request was completed. (0x12B)
[0612/135436.568:ERROR:process_memory_win.cc(73)] ReadMemory at 0x84e8134910 of 512 bytes failed: Only part of a ReadProcessMemory or WriteProcessMemory request was completed. (0x12B)
[0612/135436.568:ERROR:process_memory_win.cc(73)] ReadMemory at 0x65debc93e598 of 577 bytes failed: Only part of a ReadProcessMemory or WriteProcessMemory request was completed. (0x12B)
[0612/135436.568:ERROR:process_memory_win.cc(73)] ReadMemory at 0x6bd34ed10140 of 680 bytes failed: Only part of a ReadProcessMemory or WriteProcessMemory request was completed. (0x12B)
[0612/135436.568:ERROR:process_memory_win.cc(73)] ReadMemory at 0x6bd34ed60980 of 512 bytes failed: Only part of a ReadProcessMemory or WriteProcessMemory request was completed. (0x12B)
[0612/135436.568:ERROR:process_memory_win.cc(73)] ReadMemory at 0x6c5b52648000 of 396 bytes failed: Only part of a ReadProcessMemory or WriteProcessMemory request was completed. (0x12B)
[0612/135436.568:ERROR:process_memory_win.cc(73)] ReadMemory at 0x7ff6c7e4c000 of 6024 bytes failed: Only part of a ReadProcessMemory or WriteProcessMemory request was completed. (0x12B)
[0612/135436.644:ERROR:process_memory_win.cc(73)] ReadMemory at 0x7ff6c7e50000 of 6024 bytes failed: Only part of a ReadProcessMemory or WriteProcessMemory request was completed. (0x12B)
[0612/135436.644:ERROR:process_memory_win.cc(73)] ReadMemory at 0x7ff6c7e52000 of 6024 bytes failed: Only part of a ReadProcessMemory or WriteProcessMemory request was completed. (0x12B)
[0612/135436.644:ERROR:process_memory_win.cc(73)] ReadMemory at 0x7ff6c7e53f80 of 6152 bytes failed: Only part of a ReadProcessMemory or WriteProcessMemory request was completed. (0x12B)
[0612/135436.644:ERROR:process_memory_win.cc(73)] ReadMemory at 0x7ff6c7e56000 of 6024 bytes failed: Only part of a ReadProcessMemory or WriteProcessMemory request was completed. (0x12B)
[0612/135436.644:ERROR:process_memory_win.cc(73)] ReadMemory at 0x7ff6c7e58000 of 6024 bytes failed: Only part of a ReadProcessMemory or WriteProcessMemory request was completed. (0x12B)
[0612/135436.644:ERROR:process_memory_win.cc(73)] ReadMemory at 0x7ff6c7e5a000 of 6024 bytes failed: Only part of a ReadProcessMemory or WriteProcessMemory request was completed. (0x12B)
[0612/135436.644:ERROR:process_memory_win.cc(73)] ReadMemory at 0x7ff6c7e5c000 of 6024 bytes failed: Only part of a ReadProcessMemory or WriteProcessMemory request was completed. (0x12B)
[0612/135436.644:ERROR:process_memory_win.cc(73)] ReadMemory at 0x7ff6c7e5e000 of 6024 bytes failed: Only part of a ReadProcessMemory or WriteProcessMemory request was completed. (0x12B)
[0612/135436.644:ERROR:process_memory_win.cc(73)] ReadMemory at 0x7ff6c7f84000 of 6024 bytes failed: Only part of a ReadProcessMemory or WriteProcessMemory request was completed. (0x12B)
[0612/135436.644:ERROR:process_memory_win.cc(73)] ReadMemory at 0x7ff6c7f86000 of 6024 bytes failed: Only part of a ReadProcessMemory or WriteProcessMemory request was completed. (0x12B)
[0612/135436.644:ERROR:process_memory_win.cc(73)] ReadMemory at 0x7ff6c7f88000 of 6024 bytes failed: Only part of a ReadProcessMemory or WriteProcessMemory request was completed. (0x12B)
[0612/135436.644:ERROR:process_memory_win.cc(73)] ReadMemory at 0x7ff6c7f8a000 of 852 bytes failed: Only part of a ReadProcessMemory or WriteProcessMemory request was completed. (0x12B)
[0612/135436.644:ERROR:process_memory_win.cc(73)] ReadMemory at 0x7ff6c7f8c000 of 6024 bytes failed: Only part of a ReadProcessMemory or WriteProcessMemory request was completed. (0x12B)
[0612/135436.644:ERROR:process_memory_win.cc(73)] ReadMemory at 0x7ff6c7f8e000 of 6024 bytes failed: Only part of a ReadProcessMemory or WriteProcessMemory request was completed. (0x12B)
[0612/135436.704:ERROR:process_memory_win.cc(73)] ReadMemory at 0x7fff93e560d6 of 512 bytes failed: Only part of a ReadProcessMemory or WriteProcessMemory request was completed. (0x12B)
[0612/135436.704:ERROR:process_memory_win.cc(73)] ReadMemory at 0x7fff965d818c of 512 bytes failed: Only part of a ReadProcessMemory or WriteProcessMemory request was completed. (0x12B)
[0612/135436.704:ERROR:process_memory_win.cc(73)] ReadMemory at 0x7fff99198fb1 of 512 bytes failed: Only part of a ReadProcessMemory or WriteProcessMemory request was completed. (0x12B)
[0612/135436.704:ERROR:process_memory_win.cc(73)] ReadMemory at 0x7fff9919e524 of 512 bytes failed: Only part of a ReadProcessMemory or WriteProcessMemory request was completed. (0x12B)
[0612/135436.704:ERROR:process_memory_win.cc(73)] ReadMemory at 0x7fff9a713b10 of 512 bytes failed: Only part of a ReadProcessMemory or WriteProcessMemory request was completed. (0x12B)
[0612/135436.704:ERROR:process_memory_win.cc(73)] ReadMemory at 0x7fff9ab32d30 of 512 bytes failed: Only part of a ReadProcessMemory or WriteProcessMemory request was completed. (0x12B)
[0612/135436.704:ERROR:process_memory_win.cc(73)] ReadMemory at 0x7fffab5779a5 of 512 bytes failed: Only part of a ReadProcessMemory or WriteProcessMemory request was completed. (0x12B)
[0612/135436.704:ERROR:process_memory_win.cc(73)] ReadMemory at 0x7fffab578180 of 512 bytes failed: Only part of a ReadProcessMemory or WriteProcessMemory request was completed. (0x12B)
[0612/135436.704:ERROR:process_memory_win.cc(73)] ReadMemory at 0x7fffb1ff1600 of 512 bytes failed: Only part of a ReadProcessMemory or WriteProcessMemory request was completed. (0x12B)
[0612/135436.704:ERROR:process_memory_win.cc(73)] ReadMemory at 0x7fffb48e5750 of 512 bytes failed: Only part of a ReadProcessMemory or WriteProcessMemory request was completed. (0x12B)
[0612/135436.704:ERROR:process_memory_win.cc(73)] ReadMemory at 0x7fffb48e95d0 of 18 bytes failed: Only part of a ReadProcessMemory or WriteProcessMemory request was completed. (0x12B)
[0612/135436.704:ERROR:process_memory_win.cc(73)] ReadMemory at 0x7fffb48fc4d0 of 512 bytes failed: Only part of a ReadProcessMemory or WriteProcessMemory request was completed. (0x12B)
[0612/135436.704:ERROR:process_memory_win.cc(73)] ReadMemory at 0x7fffb491ac70 of 512 bytes failed: Only part of a ReadProcessMemory or WriteProcessMemory request was completed. (0x12B)
[0612/135436.704:ERROR:process_memory_win.cc(73)] ReadMemory at 0x7fffb497067a of 592 bytes failed: Only part of a ReadProcessMemory or WriteProcessMemory request was completed. (0x12B)
[0612/135436.852:ERROR:process_memory_win.cc(73)] ReadMemory at 0x7fffb49720fa of 560 bytes failed: Only part of a ReadProcessMemory or WriteProcessMemory request was completed. (0x12B)
[0612/135436.852:ERROR:process_memory_win.cc(73)] ReadMemory at 0x7fffb4a0e8a8 of 40 bytes failed: Only part of a ReadProcessMemory or WriteProcessMemory request was completed. (0x12B)
[0612/135436.852:ERROR:process_memory_win.cc(73)] ReadMemory at 0x7fffb4a0eb00 of 512 bytes failed: Only part of a ReadProcessMemory or WriteProcessMemory request was completed. (0x12B)
[0612/135436.852:ERROR:process_memory_win.cc(73)] ReadMemory at 0x7fffb4a11320 of 64 bytes failed: Only part of a ReadProcessMemory or WriteProcessMemory request was completed. (0x12B)
[0612/135437.109:ERROR:scoped_process_suspend.cc(40)] NtResumeProcess: An attempt was made to access an exiting process. (0xc000010a)
